2019-10-05 03:26:12 INFO  ComandoRetirar:46 - Cuentamodelo.Cuenta@9807454,retiro500
2019-10-05 03:34:13 INFO  ComandoListarCuentas:27 - cuentas listadas
2019-10-05 03:34:28 INFO  ComandoRetirar:46 - Cuenta: 1,retiro: 500
2019-10-05 03:35:51 INFO  ComandoListarCuentas:27 - cuentas listadas
2019-10-05 03:35:54 INFO  ComandoListarCuentas:27 - cuentas listadas
2019-10-05 03:48:53 INFO  ComandoListarCuentas:27 - cuentas listadas
2019-10-05 03:55:04 INFO  ComandoListarCuentas:27 - cuentas listadas
2019-10-05 03:55:12 INFO  ComandoRetirar:46 - Cuenta: 1,retiro: 50
2019-10-05 04:04:45 INFO  ComandoListarCuentas:27 - cuentas listadas
2019-10-05 04:04:53 INFO  ComandoConsignar:46 - Cuenta: 1,consigno: 40
2019-10-05 04:31:33 INFO  logTranx:8 - Ejecutando : execution(void AppCajero.main(String[]))
2019-10-05 04:31:34 INFO  logTranx:8 - Ejecutando : execution(void modelo.Banco.agregarCuenta(Cuenta))
2019-10-05 04:31:34 INFO  logTranx:8 - Ejecutando : execution(String modelo.Cuenta.getNumero())
2019-10-05 04:31:34 INFO  logTranx:8 - Ejecutando : execution(void modelo.Banco.agregarCuenta(Cuenta))
2019-10-05 04:31:34 INFO  logTranx:8 - Ejecutando : execution(String modelo.Cuenta.getNumero())
2019-10-05 04:31:34 INFO  logTranx:8 - Ejecutando : execution(void modelo.Banco.agregarCuenta(Cuenta))
2019-10-05 04:31:34 INFO  logTranx:8 - Ejecutando : execution(String modelo.Cuenta.getNumero())
2019-10-05 04:31:34 INFO  logTranx:8 - Ejecutando : execution(String control.ComandoListarCuentas.getNombre())
2019-10-05 04:31:34 INFO  logTranx:8 - Ejecutando : execution(String control.ComandoRetirar.getNombre())
2019-10-05 04:31:34 INFO  logTranx:8 - Ejecutando : execution(String control.ComandoConsignar.getNombre())
2019-10-05 04:31:34 INFO  logTranx:8 - Ejecutando : execution(String control.ComandoTransferir.getNombre())
2019-10-05 05:11:42 INFO  logTranx:8 - Ejecutando : execution(void AppCajero.main(String[]))
2019-10-05 05:11:42 INFO  logTranx:8 - Ejecutando : execution(void modelo.Banco.agregarCuenta(Cuenta))
2019-10-05 05:11:42 INFO  logTranx:8 - Ejecutando : execution(String modelo.Cuenta.getNumero())
2019-10-05 05:11:42 INFO  logTranx:8 - Ejecutando : execution(void modelo.Banco.agregarCuenta(Cuenta))
2019-10-05 05:11:42 INFO  logTranx:8 - Ejecutando : execution(String modelo.Cuenta.getNumero())
2019-10-05 05:11:42 INFO  logTranx:8 - Ejecutando : execution(void modelo.Banco.agregarCuenta(Cuenta))
2019-10-05 05:11:42 INFO  logTranx:8 - Ejecutando : execution(String modelo.Cuenta.getNumero())
2019-10-05 05:11:42 INFO  logTranx:8 - Ejecutando : execution(List cajero.CajeroTipoA.cargaComandos())
2019-10-05 05:12:50 INFO  logTranx:8 - Ejecutando : execution(void modelo.Banco.agregarCuenta(Cuenta))
2019-10-05 05:12:50 INFO  logTranx:8 - Ejecutando : execution(String modelo.Cuenta.getNumero())
2019-10-05 05:12:50 INFO  logTranx:8 - Ejecutando : execution(void modelo.Banco.agregarCuenta(Cuenta))
2019-10-05 05:12:50 INFO  logTranx:8 - Ejecutando : execution(String modelo.Cuenta.getNumero())
2019-10-05 05:12:50 INFO  logTranx:8 - Ejecutando : execution(void modelo.Banco.agregarCuenta(Cuenta))
2019-10-05 05:12:50 INFO  logTranx:8 - Ejecutando : execution(String modelo.Cuenta.getNumero())
2019-10-05 05:12:50 INFO  logTranx:8 - Ejecutando : execution(List cajero.CajeroTipoA.cargaComandos())
2019-10-05 05:13:07 INFO  logTranx:8 - Ejecutando : execution(String control.ComandoListarCuentas.getNombre())
2019-10-05 05:13:07 INFO  logTranx:8 - Ejecutando : execution(String control.ComandoRetirar.getNombre())
2019-10-05 05:13:07 INFO  logTranx:8 - Ejecutando : execution(String control.ComandoConsignar.getNombre())
2019-10-05 05:13:07 INFO  logTranx:8 - Ejecutando : execution(String control.ComandoTransferir.getNombre())
2019-10-05 05:15:14 INFO  logTranx:8 - Ejecutando : execution(void AppCajero.main(String[]))
2019-10-05 05:15:14 INFO  logTranx:8 - Ejecutando : execution(void modelo.Banco.agregarCuenta(Cuenta))
2019-10-05 05:15:14 INFO  logTranx:8 - Ejecutando : execution(String modelo.Cuenta.getNumero())
2019-10-05 05:15:14 INFO  logTranx:8 - Ejecutando : execution(void modelo.Banco.agregarCuenta(Cuenta))
2019-10-05 05:15:14 INFO  logTranx:8 - Ejecutando : execution(String modelo.Cuenta.getNumero())
2019-10-05 05:15:14 INFO  logTranx:8 - Ejecutando : execution(void modelo.Banco.agregarCuenta(Cuenta))
2019-10-05 05:15:14 INFO  logTranx:8 - Ejecutando : execution(String modelo.Cuenta.getNumero())
2019-10-05 05:15:14 INFO  logTranx:8 - Ejecutando : execution(List cajero.CajeroTipoA.cargaComandos())
2019-10-05 05:15:31 INFO  logTranx:8 - Ejecutando : execution(void AppCajero.main(String[]))
2019-10-05 05:15:31 INFO  logTranx:8 - Ejecutando : execution(void modelo.Banco.agregarCuenta(Cuenta))
2019-10-05 05:15:31 INFO  logTranx:8 - Ejecutando : execution(String modelo.Cuenta.getNumero())
2019-10-05 05:15:31 INFO  logTranx:8 - Ejecutando : execution(void modelo.Banco.agregarCuenta(Cuenta))
2019-10-05 05:15:31 INFO  logTranx:8 - Ejecutando : execution(String modelo.Cuenta.getNumero())
2019-10-05 05:15:31 INFO  logTranx:8 - Ejecutando : execution(void modelo.Banco.agregarCuenta(Cuenta))
2019-10-05 05:15:31 INFO  logTranx:8 - Ejecutando : execution(String modelo.Cuenta.getNumero())
2019-10-05 05:15:31 INFO  logTranx:8 - Ejecutando : execution(List cajero.CajeroTipoA.cargaComandos())
2019-10-05 05:15:37 INFO  logTranx:8 - Ejecutando : execution(String control.ComandoListarCuentas.getNombre())
2019-10-05 05:15:37 INFO  logTranx:8 - Ejecutando : execution(String control.ComandoRetirar.getNombre())
2019-10-05 05:15:37 INFO  logTranx:8 - Ejecutando : execution(String control.ComandoConsignar.getNombre())
2019-10-05 05:15:37 INFO  logTranx:8 - Ejecutando : execution(String control.ComandoTransferir.getNombre())
2019-10-05 05:15:43 INFO  logTranx:8 - Ejecutando : execution(void control.ComandoRetirar.ejecutar(Banco))
2019-10-05 05:15:49 INFO  logTranx:8 - Ejecutando : execution(Cuenta modelo.Banco.buscarCuenta(String))
2019-10-05 05:15:55 INFO  logTranx:8 - Ejecutando : execution(void modelo.Cuenta.retirar(long))
2019-10-05 05:15:55 INFO  logTranx:8 - Ejecutando : execution(String modelo.Cuenta.getNumero())
2019-10-05 05:15:55 INFO  ComandoRetirar:46 - Cuenta: 1,retiro: 600
2019-10-05 05:18:24 INFO  logTranx:8 - Ejecutando : execution(void modelo.Banco.agregarCuenta(Cuenta))
2019-10-05 05:18:24 INFO  logTranx:8 - Ejecutando : execution(String modelo.Cuenta.getNumero())
2019-10-05 05:18:24 INFO  logTranx:8 - Ejecutando : execution(void modelo.Banco.agregarCuenta(Cuenta))
2019-10-05 05:18:24 INFO  logTranx:8 - Ejecutando : execution(String modelo.Cuenta.getNumero())
2019-10-05 05:18:24 INFO  logTranx:8 - Ejecutando : execution(void modelo.Banco.agregarCuenta(Cuenta))
2019-10-05 05:18:24 INFO  logTranx:8 - Ejecutando : execution(String modelo.Cuenta.getNumero())
2019-10-05 05:18:24 INFO  logTranx:8 - Ejecutando : execution(List cajero.CajeroTipoA.cargaComandos())
2019-10-05 05:18:34 INFO  logTranx:8 - Ejecutando : execution(String control.ComandoListarCuentas.getNombre())
2019-10-05 05:18:34 INFO  logTranx:8 - Ejecutando : execution(String control.ComandoRetirar.getNombre())
2019-10-05 05:18:34 INFO  logTranx:8 - Ejecutando : execution(String control.ComandoConsignar.getNombre())
2019-10-05 05:18:34 INFO  logTranx:8 - Ejecutando : execution(String control.ComandoTransferir.getNombre())
2019-10-05 05:18:39 INFO  logTranx:8 - Ejecutando : execution(void control.ComandoRetirar.ejecutar(Banco))
2019-10-05 05:18:41 INFO  logTranx:8 - Ejecutando : execution(Cuenta modelo.Banco.buscarCuenta(String))
2019-10-05 05:18:44 INFO  logTranx:8 - Ejecutando : execution(void modelo.Cuenta.retirar(long))
2019-10-05 05:18:44 INFO  logTranx:8 - Ejecutando : execution(String modelo.Cuenta.getNumero())
2019-10-05 05:18:44 INFO  ComandoRetirar:46 - Cuenta: 1,retiro: 1333
2019-10-05 05:18:44 INFO  logTranx:8 - Ejecutando : execution(String control.ComandoListarCuentas.getNombre())
2019-10-05 05:18:44 INFO  logTranx:8 - Ejecutando : execution(String control.ComandoRetirar.getNombre())
2019-10-05 05:18:44 INFO  logTranx:8 - Ejecutando : execution(String control.ComandoConsignar.getNombre())
2019-10-05 05:18:44 INFO  logTranx:8 - Ejecutando : execution(String control.ComandoTransferir.getNombre())
2019-10-05 05:20:34 INFO  logTranx:8 - Ejecutando : execution(void AppCajero.main(String[]))
2019-10-05 05:20:34 INFO  logTranx:8 - Ejecutando : execution(void modelo.Banco.agregarCuenta(Cuenta))
2019-10-05 05:20:34 INFO  logTranx:8 - Ejecutando : execution(String modelo.Cuenta.getNumero())
2019-10-05 05:20:34 INFO  logTranx:8 - Ejecutando : execution(void modelo.Banco.agregarCuenta(Cuenta))
2019-10-05 05:20:34 INFO  logTranx:8 - Ejecutando : execution(String modelo.Cuenta.getNumero())
2019-10-05 05:20:34 INFO  logTranx:8 - Ejecutando : execution(void modelo.Banco.agregarCuenta(Cuenta))
2019-10-05 05:20:34 INFO  logTranx:8 - Ejecutando : execution(String modelo.Cuenta.getNumero())
2019-10-05 05:20:34 INFO  logTranx:8 - Ejecutando : execution(List cajero.CajeroTipoA.cargaComandos())
2019-10-05 05:20:44 INFO  logTranx:8 - Ejecutando : execution(String control.ComandoListarCuentas.getNombre())
2019-10-05 05:20:44 INFO  logTranx:8 - Ejecutando : execution(String control.ComandoRetirar.getNombre())
2019-10-05 05:20:44 INFO  logTranx:8 - Ejecutando : execution(String control.ComandoConsignar.getNombre())
2019-10-05 05:20:44 INFO  logTranx:8 - Ejecutando : execution(String control.ComandoTransferir.getNombre())
2019-10-05 05:20:49 INFO  logTranx:8 - Ejecutando : execution(void control.ComandoRetirar.ejecutar(Banco))
2019-10-05 05:20:51 INFO  logTranx:8 - Ejecutando : execution(Cuenta modelo.Banco.buscarCuenta(String))
2019-10-05 05:20:56 INFO  logTranx:8 - Ejecutando : execution(void modelo.Cuenta.retirar(long))
2019-10-05 05:20:56 INFO  logTranx:8 - Ejecutando : execution(String modelo.Cuenta.getNumero())
2019-10-05 05:20:56 INFO  ComandoRetirar:46 - Cuenta: 1,retiro: 100
2019-10-05 05:20:56 INFO  logTranx:8 - Ejecutando : execution(String control.ComandoListarCuentas.getNombre())
2019-10-05 05:20:56 INFO  logTranx:8 - Ejecutando : execution(String control.ComandoRetirar.getNombre())
2019-10-05 05:20:56 INFO  logTranx:8 - Ejecutando : execution(String control.ComandoConsignar.getNombre())
2019-10-05 05:20:56 INFO  logTranx:8 - Ejecutando : execution(String control.ComandoTransferir.getNombre())
2019-10-05 05:22:42 INFO  logTranx:8 - Ejecutando : execution(void AppCajero.main(String[]))
2019-10-05 05:22:42 INFO  logTranx:8 - Ejecutando : execution(void modelo.Banco.agregarCuenta(Cuenta))
2019-10-05 05:22:42 INFO  logTranx:8 - Ejecutando : execution(String modelo.Cuenta.getNumero())
2019-10-05 05:22:42 INFO  logTranx:8 - Ejecutando : execution(void modelo.Banco.agregarCuenta(Cuenta))
2019-10-05 05:22:42 INFO  logTranx:8 - Ejecutando : execution(String modelo.Cuenta.getNumero())
2019-10-05 05:22:42 INFO  logTranx:8 - Ejecutando : execution(void modelo.Banco.agregarCuenta(Cuenta))
2019-10-05 05:22:42 INFO  logTranx:8 - Ejecutando : execution(String modelo.Cuenta.getNumero())
2019-10-05 05:22:42 INFO  logTranx:8 - Ejecutando : execution(List cajero.CajeroTipoA.cargaComandos())
2019-10-05 05:22:51 INFO  logTranx:8 - Ejecutando : execution(String control.ComandoListarCuentas.getNombre())
2019-10-05 05:22:51 INFO  logTranx:8 - Ejecutando : execution(String control.ComandoRetirar.getNombre())
2019-10-05 05:22:51 INFO  logTranx:8 - Ejecutando : execution(String control.ComandoConsignar.getNombre())
2019-10-05 05:22:51 INFO  logTranx:8 - Ejecutando : execution(String control.ComandoTransferir.getNombre())
2019-10-05 05:22:53 INFO  logTranx:8 - Ejecutando : execution(void control.ComandoRetirar.ejecutar(Banco))
2019-10-05 05:22:54 INFO  logTranx:8 - Ejecutando : execution(Cuenta modelo.Banco.buscarCuenta(String))
2019-10-05 05:23:00 INFO  logTranx:8 - Ejecutando : execution(void modelo.Cuenta.retirar(long))
2019-10-05 05:23:00 INFO  logTranx:8 - Ejecutando : execution(String modelo.Cuenta.getNumero())
2019-10-05 05:23:00 INFO  ComandoRetirar:46 - Cuenta: 1,retiro: 10000
2019-10-05 05:23:00 INFO  logTranx:8 - Ejecutando : execution(String control.ComandoListarCuentas.getNombre())
2019-10-05 05:23:00 INFO  logTranx:8 - Ejecutando : execution(String control.ComandoRetirar.getNombre())
2019-10-05 05:23:00 INFO  logTranx:8 - Ejecutando : execution(String control.ComandoConsignar.getNombre())
2019-10-05 05:23:00 INFO  logTranx:8 - Ejecutando : execution(String control.ComandoTransferir.getNombre())
2019-10-05 05:32:07 INFO  logTranx:8 - Ejecutando : execution(void AppCajero.main(String[]))
2019-10-05 05:32:07 INFO  logTranx:8 - Ejecutando : execution(void modelo.Banco.agregarCuenta(Cuenta))
2019-10-05 05:32:07 INFO  logTranx:8 - Ejecutando : execution(String modelo.Cuenta.getNumero())
2019-10-05 05:32:07 INFO  logTranx:8 - Ejecutando : execution(void modelo.Banco.agregarCuenta(Cuenta))
2019-10-05 05:32:07 INFO  logTranx:8 - Ejecutando : execution(String modelo.Cuenta.getNumero())
2019-10-05 05:32:07 INFO  logTranx:8 - Ejecutando : execution(void modelo.Banco.agregarCuenta(Cuenta))
2019-10-05 05:32:07 INFO  logTranx:8 - Ejecutando : execution(String modelo.Cuenta.getNumero())
2019-10-05 05:32:07 INFO  logTranx:8 - Ejecutando : execution(List cajero.CajeroTipoA.cargaComandos())
2019-10-05 05:32:20 INFO  logTranx:8 - Ejecutando : execution(String control.ComandoListarCuentas.getNombre())
2019-10-05 05:32:20 INFO  logTranx:8 - Ejecutando : execution(String control.ComandoRetirar.getNombre())
2019-10-05 05:32:20 INFO  logTranx:8 - Ejecutando : execution(String control.ComandoConsignar.getNombre())
2019-10-05 05:32:20 INFO  logTranx:8 - Ejecutando : execution(String control.ComandoTransferir.getNombre())
2019-10-05 05:32:23 INFO  logTranx:8 - Ejecutando : execution(void control.ComandoRetirar.ejecutar(Banco))
2019-10-05 05:32:24 INFO  logTranx:8 - Ejecutando : execution(Cuenta modelo.Banco.buscarCuenta(String))
2019-10-05 05:32:26 INFO  logTranx:8 - Ejecutando : execution(void modelo.Cuenta.retirar(long))
2019-10-05 05:32:26 INFO  logTranx:8 - Ejecutando : execution(String modelo.Cuenta.getNumero())
2019-10-05 05:32:26 INFO  ComandoRetirar:46 - Cuenta: 1,retiro: 12
2019-10-05 05:32:26 INFO  logTranx:8 - Ejecutando : execution(String control.ComandoListarCuentas.getNombre())
2019-10-05 05:32:26 INFO  logTranx:8 - Ejecutando : execution(String control.ComandoRetirar.getNombre())
2019-10-05 05:32:26 INFO  logTranx:8 - Ejecutando : execution(String control.ComandoConsignar.getNombre())
2019-10-05 05:32:26 INFO  logTranx:8 - Ejecutando : execution(String control.ComandoTransferir.getNombre())
2019-10-05 05:34:32 INFO  logTranx:8 - Ejecutando : execution(void AppCajero.main(String[]))
2019-10-05 05:34:32 INFO  logTranx:8 - Ejecutando : execution(void modelo.Banco.agregarCuenta(Cuenta))
2019-10-05 05:34:32 INFO  logTranx:8 - Ejecutando : execution(String modelo.Cuenta.getNumero())
2019-10-05 05:34:32 INFO  logTranx:8 - Ejecutando : execution(void modelo.Banco.agregarCuenta(Cuenta))
2019-10-05 05:34:32 INFO  logTranx:8 - Ejecutando : execution(String modelo.Cuenta.getNumero())
2019-10-05 05:34:32 INFO  logTranx:8 - Ejecutando : execution(void modelo.Banco.agregarCuenta(Cuenta))
2019-10-05 05:34:32 INFO  logTranx:8 - Ejecutando : execution(String modelo.Cuenta.getNumero())
2019-10-05 05:34:32 INFO  logTranx:8 - Ejecutando : execution(List cajero.CajeroTipoA.cargaComandos())
2019-10-05 05:34:39 INFO  logTranx:8 - Ejecutando : execution(String control.ComandoListarCuentas.getNombre())
2019-10-05 05:34:39 INFO  logTranx:8 - Ejecutando : execution(String control.ComandoRetirar.getNombre())
2019-10-05 05:34:39 INFO  logTranx:8 - Ejecutando : execution(String control.ComandoConsignar.getNombre())
2019-10-05 05:34:39 INFO  logTranx:8 - Ejecutando : execution(String control.ComandoTransferir.getNombre())
2019-10-05 05:34:42 INFO  logTranx:8 - Ejecutando : execution(void control.ComandoRetirar.ejecutar(Banco))
2019-10-05 05:34:44 INFO  logTranx:8 - Ejecutando : execution(Cuenta modelo.Banco.buscarCuenta(String))
2019-10-05 05:34:49 INFO  AccountSave:13 - vaya vaya
2019-10-05 05:34:49 INFO  logTranx:8 - Ejecutando : execution(String modelo.Cuenta.getNumero())
2019-10-05 05:34:49 INFO  ComandoRetirar:46 - Cuenta: 1,retiro: 123
2019-10-05 05:34:49 INFO  logTranx:8 - Ejecutando : execution(String control.ComandoListarCuentas.getNombre())
2019-10-05 05:34:49 INFO  logTranx:8 - Ejecutando : execution(String control.ComandoRetirar.getNombre())
2019-10-05 05:34:49 INFO  logTranx:8 - Ejecutando : execution(String control.ComandoConsignar.getNombre())
2019-10-05 05:34:49 INFO  logTranx:8 - Ejecutando : execution(String control.ComandoTransferir.getNombre())
2019-10-05 05:35:10 INFO  logTranx:8 - Ejecutando : execution(void control.ComandoListarCuentas.ejecutar(Banco))
2019-10-05 05:35:10 INFO  logTranx:8 - Ejecutando : execution(Collection modelo.Banco.getCuentas())
2019-10-05 05:35:10 INFO  logTranx:8 - Ejecutando : execution(String modelo.Cuenta.getNumero())
2019-10-05 05:35:10 INFO  logTranx:8 - Ejecutando : execution(long modelo.Cuenta.getSaldo())
2019-10-05 05:35:10 INFO  logTranx:8 - Ejecutando : execution(String modelo.Cuenta.getNumero())
2019-10-05 05:35:10 INFO  logTranx:8 - Ejecutando : execution(long modelo.Cuenta.getSaldo())
2019-10-05 05:35:10 INFO  logTranx:8 - Ejecutando : execution(String modelo.Cuenta.getNumero())
2019-10-05 05:35:10 INFO  logTranx:8 - Ejecutando : execution(long modelo.Cuenta.getSaldo())
2019-10-05 05:35:10 INFO  ComandoListarCuentas:27 - cuentas listadas
2019-10-05 05:35:10 INFO  logTranx:8 - Ejecutando : execution(String control.ComandoListarCuentas.getNombre())
2019-10-05 05:35:10 INFO  logTranx:8 - Ejecutando : execution(String control.ComandoRetirar.getNombre())
2019-10-05 05:35:10 INFO  logTranx:8 - Ejecutando : execution(String control.ComandoConsignar.getNombre())
2019-10-05 05:35:10 INFO  logTranx:8 - Ejecutando : execution(String control.ComandoTransferir.getNombre())
