-Xlint:ignore
-1.8
-encoding
UTF-8
-showWeaveInfo
-source
1.8
-target
1.8
-verbose
-classpath
C:\Users\usuario\.m2\repository\org\aspectj\aspectjrt\1.8.9\aspectjrt-1.8.9.jar;C:\Users\usuario\.m2\repository\org\aspectj\aspectjweaver\1.8.9\aspectjweaver-1.8.9.jar;C:\Users\usuario\.m2\repository\log4j\log4j\1.2.17\log4j-1.2.17.jar;C:\Users\usuario\.m2\repository\org\springframework\boot\spring-boot-autoconfigure\2.1.4.RELEASE\spring-boot-autoconfigure-2.1.4.RELEASE.jar;C:\Users\usuario\.m2\repository\org\springframework\boot\spring-boot\2.1.4.RELEASE\spring-boot-2.1.4.RELEASE.jar;C:\Users\usuario\.m2\repository\org\springframework\spring-core\5.1.6.RELEASE\spring-core-5.1.6.RELEASE.jar;C:\Users\usuario\.m2\repository\org\springframework\spring-jcl\5.1.6.RELEASE\spring-jcl-5.1.6.RELEASE.jar;C:\Users\usuario\.m2\repository\org\springframework\spring-context\5.1.6.RELEASE\spring-context-5.1.6.RELEASE.jar;C:\Users\usuario\.m2\repository\org\springframework\spring-aop\5.1.6.RELEASE\spring-aop-5.1.6.RELEASE.jar;C:\Users\usuario\.m2\repository\org\springframework\spring-beans\5.1.6.RELEASE\spring-beans-5.1.6.RELEASE.jar;C:\Users\usuario\.m2\repository\org\springframework\spring-expression\5.1.6.RELEASE\spring-expression-5.1.6.RELEASE.jar;C:\Users\usuario\ramiro\orgcajero\target\classes
-d
C:\Users\usuario\ramiro\orgcajero\target\classes
C:\Users\usuario\ramiro\orgcajero\src\main\java\AppCajero.java
C:\Users\usuario\ramiro\orgcajero\src\main\java\aspectsCajero\AccountSave.aj
C:\Users\usuario\ramiro\orgcajero\src\main\java\aspectsCajero\logTranx.aj
C:\Users\usuario\ramiro\orgcajero\src\main\java\cajero\Cajero.java
C:\Users\usuario\ramiro\orgcajero\src\main\java\cajero\CajeroTipoA.java
C:\Users\usuario\ramiro\orgcajero\src\main\java\cajero\CajeroTipoB.java
C:\Users\usuario\ramiro\orgcajero\src\main\java\control\Comando.java
C:\Users\usuario\ramiro\orgcajero\src\main\java\control\ComandoConsignar.java
C:\Users\usuario\ramiro\orgcajero\src\main\java\control\ComandoListarCuentas.java
C:\Users\usuario\ramiro\orgcajero\src\main\java\control\ComandoRetirar.java
C:\Users\usuario\ramiro\orgcajero\src\main\java\control\ComandoTransferir.java
C:\Users\usuario\ramiro\orgcajero\src\main\java\modelo\Banco.java
C:\Users\usuario\ramiro\orgcajero\src\main\java\modelo\Cuenta.java
